/*C1*/SET SCHEMA SYSTEM_LOBS
INSERT INTO BLOCKS VALUES(0,2147483647,0)
COMMIT
/*C3*/SET SCHEMA PUBLIC
create table EPISODE (id integer not null, airedDate varchar(255), description varchar(255), epAbsolute integer, epNumber integer, epSeason integer, name varchar(255) not null, hash varchar(255), show_id integer, episode_id integer, primary key (id))
create table SHOW (id integer not null, creationYear varchar(255), description varchar(255), genre varchar(255), isAnime boolean not null, name varchar(255) not null, primary key (id))
alter table EPISODE add constraint UK_j8y0o8f4xsd9lxraxcj6cxtlj unique (name)
alter table SHOW add constraint UK_3kkca0gcrcjnxpo8pw06dp146 unique (name)
create sequence hibernate_sequence start with 1 increment by 1
alter table EPISODE add constraint FKocereek4mcvi5gglvwo8p0imv foreign key (show_id) references SHOW
alter table EPISODE add constraint FK7n8d5cyllod0iu5hcjc8867ml foreign key (episode_id) references EPISODE
INSERT INTO SHOW VALUES(1,'2016','desc','horror',TRUE,'serie1')
INSERT INTO EPISODE VALUES(2,'2016-05-15','descEp',-1,1,1,'episode1',NULL,1,NULL)
INSERT INTO EPISODE VALUES(3,'2016-05-30','descEp',-1,2,1,'episode2',NULL,1,NULL)
ALTER SEQUENCE PUBLIC.HIBERNATE_SEQUENCE RESTART WITH 4
COMMIT
DELETE FROM EPISODE WHERE ID=2
DELETE FROM EPISODE WHERE ID=3
COMMIT
DISCONNECT
